The target system is: Android - 1 - aarch64
The host system is: Linux - 6.14.0-36-generic - x86_64
Detecting C compiler ABI info compiled with the following output:
Change Dir: /workspace/obs/kiko/build_android/CMakeFiles/CMakeTmp

Run Build Command(s):/bin/gmake -f Makefile cmTC_3a813/fast && gmake[1]: Entering directory '/workspace/obs/kiko/build_android/CMakeFiles/CMakeTmp'
/bin/gmake  -f CMakeFiles/cmTC_3a813.dir/build.make CMakeFiles/cmTC_3a813.dir/build
gmake[2]: Entering directory '/workspace/obs/kiko/build_android/CMakeFiles/CMakeTmp'
Building C object CMakeFiles/cmTC_3a813.dir/CMakeCCompilerABI.c.o
/home/ivan/Android/Sdk/ndk/android-ndk-r21e/toolchains/llvm/prebuilt/linux-x86_64/bin/clang --target=aarch64-none-linux-android28 --gcc-toolchain=/home/ivan/Android/Sdk/ndk/android-ndk-r21e/toolchains/llvm/prebuilt/linux-x86_64 --sysroot=/home/ivan/Android/Sdk/ndk/android-ndk-r21e/toolchains/llvm/prebuilt/linux-x86_64/sysroot   -g -DANDROID -fdata-sections -ffunction-sections -funwind-tables -fstack-protector-strong -no-canonical-prefixes -D_FORTIFY_SOURCE=2 -Wformat   -fPIE   -v -MD -MT CMakeFiles/cmTC_3a813.dir/CMakeCCompilerABI.c.o -MF CMakeFiles/cmTC_3a813.dir/CMakeCCompilerABI.c.o.d -o CMakeFiles/cmTC_3a813.dir/CMakeCCompilerABI.c.o -c /home/ivan/.config/Android/Sdk/cmake/3.22.1/share/cmake-3.22/Modules/CMakeCCompilerABI.c
Android (7019983 based on r365631c3) clang version 9.0.9 (https://android.googlesource.com/toolchain/llvm-project a2a1e703c0edb03ba29944e529ccbf457742737b) (based on LLVM 9.0.9svn)
Target: aarch64-none-linux-android28
Thread model: posix
InstalledDir: /home/ivan/Android/Sdk/ndk/android-ndk-r21e/toolchains/llvm/prebuilt/linux-x86_64/bin
Found candidate GCC installation: /home/ivan/Android/Sdk/ndk/android-ndk-r21e/toolchains/llvm/prebuilt/linux-x86_64/lib/gcc/aarch64-linux-android/4.9.x
Selected GCC installation: /home/ivan/Android/Sdk/ndk/android-ndk-r21e/toolchains/llvm/prebuilt/linux-x86_64/lib/gcc/aarch64-linux-android/4.9.x
Candidate multilib: .;@m64
Selected multilib: .;@m64
 "/home/ivan/Android/Sdk/ndk/android-ndk-r21e/toolchains/llvm/prebuilt/linux-x86_64/bin/clang" -cc1 -triple aarch64-none-linux-android28 -emit-obj -mrelax-all -mnoexecstack -disable-free -disable-llvm-verifier -discard-value-names -main-file-name CMakeCCompilerABI.c -mrelocation-model pic -pic-level 2 -pic-is-pie -mthread-model posix -mdisable-fp-elim -masm-verbose -mconstructor-aliases -munwind-tables -fuse-init-array -target-cpu generic -target-feature +neon -target-abi aapcs -mllvm -aarch64-fix-cortex-a53-835769=1 -fallow-half-arguments-and-returns -dwarf-column-info -debug-info-kind=limited -dwarf-version=4 -debugger-tuning=gdb -v -ffunction-sections -fdata-sections -coverage-notes-file /workspace/obs/kiko/build_android/CMakeFiles/CMakeTmp/CMakeFiles/cmTC_3a813.dir/CMakeCCompilerABI.c.gcno -resource-dir /home/ivan/Android/Sdk/ndk/android-ndk-r21e/toolchains/llvm/prebuilt/linux-x86_64/lib64/clang/9.0.9 -dependency-file CMakeFiles/cmTC_3a813.dir/CMakeCCompilerABI.c.o.d -sys-header-deps -MT CMakeFiles/cmTC_3a813.dir/CMakeCCompilerABI.c.o -D ANDROID -D _FORTIFY_SOURCE=2 -isysroot /home/ivan/Android/Sdk/ndk/android-ndk-r21e/toolchains/llvm/prebuilt/linux-x86_64/sysroot -internal-isystem /home/ivan/Android/Sdk/ndk/android-ndk-r21e/toolchains/llvm/prebuilt/linux-x86_64/sysroot/usr/local/include -internal-isystem /home/ivan/Android/Sdk/ndk/android-ndk-r21e/toolchains/llvm/prebuilt/linux-x86_64/lib64/clang/9.0.9/include -internal-externc-isystem /home/ivan/Android/Sdk/ndk/android-ndk-r21e/toolchains/llvm/prebuilt/linux-x86_64/sysroot/usr/include/aarch64-linux-android -internal-externc-isystem /home/ivan/Android/Sdk/ndk/android-ndk-r21e/toolchains/llvm/prebuilt/linux-x86_64/sysroot/include -internal-externc-isystem /home/ivan/Android/Sdk/ndk/android-ndk-r21e/toolchains/llvm/prebuilt/linux-x86_64/sysroot/usr/include -Wformat -fdebug-compilation-dir /workspace/obs/kiko/build_android/CMakeFiles/CMakeTmp -ferror-limit 19 -fmessage-length 0 -stack-protector 2 -fno-signed-char -fobjc-runtime=gcc -fdiagnostics-show-option -o CMakeFiles/cmTC_3a813.dir/CMakeCCompilerABI.c.o -x c /home/ivan/.config/Android/Sdk/cmake/3.22.1/share/cmake-3.22/Modules/CMakeCCompilerABI.c
clang -cc1 version 9.0.9 based upon LLVM 9.0.9svn default target x86_64-unknown-linux-gnu
ignoring nonexistent directory "/home/ivan/Android/Sdk/ndk/android-ndk-r21e/toolchains/llvm/prebuilt/linux-x86_64/sysroot/include"
#include "..." search starts here:
#include <...> search starts here:
 /home/ivan/Android/Sdk/ndk/android-ndk-r21e/toolchains/llvm/prebuilt/linux-x86_64/sysroot/usr/local/include
 /home/ivan/Android/Sdk/ndk/android-ndk-r21e/toolchains/llvm/prebuilt/linux-x86_64/lib64/clang/9.0.9/include
 /home/ivan/Android/Sdk/ndk/android-ndk-r21e/toolchains/llvm/prebuilt/linux-x86_64/sysroot/usr/include/aarch64-linux-android
 /home/ivan/Android/Sdk/ndk/android-ndk-r21e/toolchains/llvm/prebuilt/linux-x86_64/sysroot/usr/include
End of search list.
Linking C executable cmTC_3a813
/home/ivan/.config/Android/Sdk/cmake/3.22.1/bin/cmake -E cmake_link_script CMakeFiles/cmTC_3a813.dir/link.txt --verbose=1
/home/ivan/Android/Sdk/ndk/android-ndk-r21e/toolchains/llvm/prebuilt/linux-x86_64/bin/clang --target=aarch64-none-linux-android28 --gcc-toolchain=/home/ivan/Android/Sdk/ndk/android-ndk-r21e/toolchains/llvm/prebuilt/linux-x86_64 --sysroot=/home/ivan/Android/Sdk/ndk/android-ndk-r21e/toolchains/llvm/prebuilt/linux-x86_64/sysroot -g -DANDROID -fdata-sections -ffunction-sections -funwind-tables -fstack-protector-strong -no-canonical-prefixes -D_FORTIFY_SOURCE=2 -Wformat   -Wl,--exclude-libs,libgcc.a -Wl,--exclude-libs,libgcc_real.a -Wl,--exclude-libs,libatomic.a -static-libstdc++ -Wl,--build-id -Wl,--fatal-warnings -Wl,--no-undefined -Qunused-arguments -Wl,--gc-sections  -v CMakeFiles/cmTC_3a813.dir/CMakeCCompilerABI.c.o -o cmTC_3a813 
Android (7019983 based on r365631c3) clang version 9.0.9 (https://android.googlesource.com/toolchain/llvm-project a2a1e703c0edb03ba29944e529ccbf457742737b) (based on LLVM 9.0.9svn)
Target: aarch64-none-linux-android28
Thread model: posix
InstalledDir: /home/ivan/Android/Sdk/ndk/android-ndk-r21e/toolchains/llvm/prebuilt/linux-x86_64/bin
Found candidate GCC installation: /home/ivan/Android/Sdk/ndk/android-ndk-r21e/toolchains/llvm/prebuilt/linux-x86_64/lib/gcc/aarch64-linux-android/4.9.x
Selected GCC installation: /home/ivan/Android/Sdk/ndk/android-ndk-r21e/toolchains/llvm/prebuilt/linux-x86_64/lib/gcc/aarch64-linux-android/4.9.x
Candidate multilib: .;@m64
Selected multilib: .;@m64
 "/home/ivan/Android/Sdk/ndk/android-ndk-r21e/toolchains/llvm/prebuilt/linux-x86_64/lib/gcc/aarch64-linux-android/4.9.x/../../../../aarch64-linux-android/bin/ld" --sysroot=/home/ivan/Android/Sdk/ndk/android-ndk-r21e/toolchains/llvm/prebuilt/linux-x86_64/sysroot -pie -z noexecstack -EL --fix-cortex-a53-843419 --warn-shared-textrel -z now -z relro -z max-page-size=4096 --hash-style=gnu --enable-new-dtags --eh-frame-hdr -m aarch64linux -dynamic-linker /system/bin/linker64 -o cmTC_3a813 /home/ivan/Android/Sdk/ndk/android-ndk-r21e/toolchains/llvm/prebuilt/linux-x86_64/sysroot/usr/lib/aarch64-linux-android/28/crtbegin_dynamic.o -L/home/ivan/Android/Sdk/ndk/android-ndk-r21e/toolchains/llvm/prebuilt/linux-x86_64/lib64/clang/9.0.9/lib/linux/aarch64 -L/home/ivan/Android/Sdk/ndk/android-ndk-r21e/toolchains/llvm/prebuilt/linux-x86_64/lib/gcc/aarch64-linux-android/4.9.x -L/home/ivan/Android/Sdk/ndk/android-ndk-r21e/toolchains/llvm/prebuilt/linux-x86_64/lib/gcc/aarch64-linux-android/4.9.x/../../../../aarch64-linux-android/lib/../lib64 -L/home/ivan/Android/Sdk/ndk/android-ndk-r21e/toolchains/llvm/prebuilt/linux-x86_64/sysroot/usr/lib/aarch64-linux-android/28 -L/home/ivan/Android/Sdk/ndk/android-ndk-r21e/toolchains/llvm/prebuilt/linux-x86_64/sysroot/usr/lib/aarch64-linux-android -L/home/ivan/Android/Sdk/ndk/android-ndk-r21e/toolchains/llvm/prebuilt/linux-x86_64/lib/gcc/aarch64-linux-android/4.9.x/../../../../aarch64-linux-android/lib -L/home/ivan/Android/Sdk/ndk/android-ndk-r21e/toolchains/llvm/prebuilt/linux-x86_64/sysroot/usr/lib --exclude-libs libgcc.a --exclude-libs libgcc_real.a --exclude-libs libatomic.a --build-id --fatal-warnings --no-undefined --gc-sections CMakeFiles/cmTC_3a813.dir/CMakeCCompilerABI.c.o -lgcc -ldl -lc -lgcc -ldl /home/ivan/Android/Sdk/ndk/android-ndk-r21e/toolchains/llvm/prebuilt/linux-x86_64/sysroot/usr/lib/aarch64-linux-android/28/crtend_android.o
gmake[2]: Leaving directory '/workspace/obs/kiko/build_android/CMakeFiles/CMakeTmp'
gmake[1]: Leaving directory '/workspace/obs/kiko/build_android/CMakeFiles/CMakeTmp'



Parsed C implicit include dir info from above output: rv=done
  found start of include info
  found start of implicit include info
    add: [/home/ivan/Android/Sdk/ndk/android-ndk-r21e/toolchains/llvm/prebuilt/linux-x86_64/sysroot/usr/local/include]
    add: [/home/ivan/Android/Sdk/ndk/android-ndk-r21e/toolchains/llvm/prebuilt/linux-x86_64/lib64/clang/9.0.9/include]
    add: [/home/ivan/Android/Sdk/ndk/android-ndk-r21e/toolchains/llvm/prebuilt/linux-x86_64/sysroot/usr/include/aarch64-linux-android]
    add: [/home/ivan/Android/Sdk/ndk/android-ndk-r21e/toolchains/llvm/prebuilt/linux-x86_64/sysroot/usr/include]
  end of search list found
  collapse include dir [/home/ivan/Android/Sdk/ndk/android-ndk-r21e/toolchains/llvm/prebuilt/linux-x86_64/sysroot/usr/local/include] ==> [/home/ivan/Android/Sdk/ndk/android-ndk-r21e/toolchains/llvm/prebuilt/linux-x86_64/sysroot/usr/local/include]
  collapse include dir [/home/ivan/Android/Sdk/ndk/android-ndk-r21e/toolchains/llvm/prebuilt/linux-x86_64/lib64/clang/9.0.9/include] ==> [/home/ivan/Android/Sdk/ndk/android-ndk-r21e/toolchains/llvm/prebuilt/linux-x86_64/lib64/clang/9.0.9/include]
  collapse include dir [/home/ivan/Android/Sdk/ndk/android-ndk-r21e/toolchains/llvm/prebuilt/linux-x86_64/sysroot/usr/include/aarch64-linux-android] ==> [/home/ivan/Android/Sdk/ndk/android-ndk-r21e/toolchains/llvm/prebuilt/linux-x86_64/sysroot/usr/include/aarch64-linux-android]
  collapse include dir [/home/ivan/Android/Sdk/ndk/android-ndk-r21e/toolchains/llvm/prebuilt/linux-x86_64/sysroot/usr/include] ==> [/home/ivan/Android/Sdk/ndk/android-ndk-r21e/toolchains/llvm/prebuilt/linux-x86_64/sysroot/usr/include]
  implicit include dirs: [/home/ivan/Android/Sdk/ndk/android-ndk-r21e/toolchains/llvm/prebuilt/linux-x86_64/sysroot/usr/local/include;/home/ivan/Android/Sdk/ndk/android-ndk-r21e/toolchains/llvm/prebuilt/linux-x86_64/lib64/clang/9.0.9/include;/home/ivan/Android/Sdk/ndk/android-ndk-r21e/toolchains/llvm/prebuilt/linux-x86_64/sysroot/usr/include/aarch64-linux-android;/home/ivan/Android/Sdk/ndk/android-ndk-r21e/toolchains/llvm/prebuilt/linux-x86_64/sysroot/usr/include]


Parsed C implicit link information from above output:
  link line regex: [^( *|.*[/\])(ld\.lld|CMAKE_LINK_STARTFILE-NOTFOUND|([^/\]+-)?ld|collect2)[^/\]*( |$)]
  ignore line: [Change Dir: /workspace/obs/kiko/build_android/CMakeFiles/CMakeTmp]
  ignore line: []
  ignore line: [Run Build Command(s):/bin/gmake -f Makefile cmTC_3a813/fast && gmake[1]: Entering directory '/workspace/obs/kiko/build_android/CMakeFiles/CMakeTmp']
  ignore line: [/bin/gmake  -f CMakeFiles/cmTC_3a813.dir/build.make CMakeFiles/cmTC_3a813.dir/build]
  ignore line: [gmake[2]: Entering directory '/workspace/obs/kiko/build_android/CMakeFiles/CMakeTmp']
  ignore line: [Building C object CMakeFiles/cmTC_3a813.dir/CMakeCCompilerABI.c.o]
  ignore line: [/home/ivan/Android/Sdk/ndk/android-ndk-r21e/toolchains/llvm/prebuilt/linux-x86_64/bin/clang --target=aarch64-none-linux-android28 --gcc-toolchain=/home/ivan/Android/Sdk/ndk/android-ndk-r21e/toolchains/llvm/prebuilt/linux-x86_64 --sysroot=/home/ivan/Android/Sdk/ndk/android-ndk-r21e/toolchains/llvm/prebuilt/linux-x86_64/sysroot   -g -DANDROID -fdata-sections -ffunction-sections -funwind-tables -fstack-protector-strong -no-canonical-prefixes -D_FORTIFY_SOURCE=2 -Wformat   -fPIE   -v -MD -MT CMakeFiles/cmTC_3a813.dir/CMakeCCompilerABI.c.o -MF CMakeFiles/cmTC_3a813.dir/CMakeCCompilerABI.c.o.d -o CMakeFiles/cmTC_3a813.dir/CMakeCCompilerABI.c.o -c /home/ivan/.config/Android/Sdk/cmake/3.22.1/share/cmake-3.22/Modules/CMakeCCompilerABI.c]
  ignore line: [Android (7019983 based on r365631c3) clang version 9.0.9 (https://android.googlesource.com/toolchain/llvm-project a2a1e703c0edb03ba29944e529ccbf457742737b) (based on LLVM 9.0.9svn)]
  ignore line: [Target: aarch64-none-linux-android28]
  ignore line: [Thread model: posix]
  ignore line: [InstalledDir: /home/ivan/Android/Sdk/ndk/android-ndk-r21e/toolchains/llvm/prebuilt/linux-x86_64/bin]
  ignore line: [Found candidate GCC installation: /home/ivan/Android/Sdk/ndk/android-ndk-r21e/toolchains/llvm/prebuilt/linux-x86_64/lib/gcc/aarch64-linux-android/4.9.x]
  ignore line: [Selected GCC installation: /home/ivan/Android/Sdk/ndk/android-ndk-r21e/toolchains/llvm/prebuilt/linux-x86_64/lib/gcc/aarch64-linux-android/4.9.x]
  ignore line: [Candidate multilib: .]
  ignore line: [@m64]
  ignore line: [Selected multilib: .]
  ignore line: [@m64]
  ignore line: [ "/home/ivan/Android/Sdk/ndk/android-ndk-r21e/toolchains/llvm/prebuilt/linux-x86_64/bin/clang" -cc1 -triple aarch64-none-linux-android28 -emit-obj -mrelax-all -mnoexecstack -disable-free -disable-llvm-verifier -discard-value-names -main-file-name CMakeCCompilerABI.c -mrelocation-model pic -pic-level 2 -pic-is-pie -mthread-model posix -mdisable-fp-elim -masm-verbose -mconstructor-aliases -munwind-tables -fuse-init-array -target-cpu generic -target-feature +neon -target-abi aapcs -mllvm -aarch64-fix-cortex-a53-835769=1 -fallow-half-arguments-and-returns -dwarf-column-info -debug-info-kind=limited -dwarf-version=4 -debugger-tuning=gdb -v -ffunction-sections -fdata-sections -coverage-notes-file /workspace/obs/kiko/build_android/CMakeFiles/CMakeTmp/CMakeFiles/cmTC_3a813.dir/CMakeCCompilerABI.c.gcno -resource-dir /home/ivan/Android/Sdk/ndk/android-ndk-r21e/toolchains/llvm/prebuilt/linux-x86_64/lib64/clang/9.0.9 -dependency-file CMakeFiles/cmTC_3a813.dir/CMakeCCompilerABI.c.o.d -sys-header-deps -MT CMakeFiles/cmTC_3a813.dir/CMakeCCompilerABI.c.o -D ANDROID -D _FORTIFY_SOURCE=2 -isysroot /home/ivan/Android/Sdk/ndk/android-ndk-r21e/toolchains/llvm/prebuilt/linux-x86_64/sysroot -internal-isystem /home/ivan/Android/Sdk/ndk/android-ndk-r21e/toolchains/llvm/prebuilt/linux-x86_64/sysroot/usr/local/include -internal-isystem /home/ivan/Android/Sdk/ndk/android-ndk-r21e/toolchains/llvm/prebuilt/linux-x86_64/lib64/clang/9.0.9/include -internal-externc-isystem /home/ivan/Android/Sdk/ndk/android-ndk-r21e/toolchains/llvm/prebuilt/linux-x86_64/sysroot/usr/include/aarch64-linux-android -internal-externc-isystem /home/ivan/Android/Sdk/ndk/android-ndk-r21e/toolchains/llvm/prebuilt/linux-x86_64/sysroot/include -internal-externc-isystem /home/ivan/Android/Sdk/ndk/android-ndk-r21e/toolchains/llvm/prebuilt/linux-x86_64/sysroot/usr/include -Wformat -fdebug-compilation-dir /workspace/obs/kiko/build_android/CMakeFiles/CMakeTmp -ferror-limit 19 -fmessage-length 0 -stack-protector 2 -fno-signed-char -fobjc-runtime=gcc -fdiagnostics-show-option -o CMakeFiles/cmTC_3a813.dir/CMakeCCompilerABI.c.o -x c /home/ivan/.config/Android/Sdk/cmake/3.22.1/share/cmake-3.22/Modules/CMakeCCompilerABI.c]
  ignore line: [clang -cc1 version 9.0.9 based upon LLVM 9.0.9svn default target x86_64-unknown-linux-gnu]
  ignore line: [ignoring nonexistent directory "/home/ivan/Android/Sdk/ndk/android-ndk-r21e/toolchains/llvm/prebuilt/linux-x86_64/sysroot/include"]
  ignore line: [#include "..." search starts here:]
  ignore line: [#include <...> search starts here:]
  ignore line: [ /home/ivan/Android/Sdk/ndk/android-ndk-r21e/toolchains/llvm/prebuilt/linux-x86_64/sysroot/usr/local/include]
  ignore line: [ /home/ivan/Android/Sdk/ndk/android-ndk-r21e/toolchains/llvm/prebuilt/linux-x86_64/lib64/clang/9.0.9/include]
  ignore line: [ /home/ivan/Android/Sdk/ndk/android-ndk-r21e/toolchains/llvm/prebuilt/linux-x86_64/sysroot/usr/include/aarch64-linux-android]
  ignore line: [ /home/ivan/Android/Sdk/ndk/android-ndk-r21e/toolchains/llvm/prebuilt/linux-x86_64/sysroot/usr/include]
  ignore line: [End of search list.]
  ignore line: [Linking C executable cmTC_3a813]
  ignore line: [/home/ivan/.config/Android/Sdk/cmake/3.22.1/bin/cmake -E cmake_link_script CMakeFiles/cmTC_3a813.dir/link.txt --verbose=1]
  ignore line: [/home/ivan/Android/Sdk/ndk/android-ndk-r21e/toolchains/llvm/prebuilt/linux-x86_64/bin/clang --target=aarch64-none-linux-android28 --gcc-toolchain=/home/ivan/Android/Sdk/ndk/android-ndk-r21e/toolchains/llvm/prebuilt/linux-x86_64 --sysroot=/home/ivan/Android/Sdk/ndk/android-ndk-r21e/toolchains/llvm/prebuilt/linux-x86_64/sysroot -g -DANDROID -fdata-sections -ffunction-sections -funwind-tables -fstack-protector-strong -no-canonical-prefixes -D_FORTIFY_SOURCE=2 -Wformat   -Wl --exclude-libs libgcc.a -Wl --exclude-libs libgcc_real.a -Wl --exclude-libs libatomic.a -static-libstdc++ -Wl --build-id -Wl --fatal-warnings -Wl --no-undefined -Qunused-arguments -Wl --gc-sections  -v CMakeFiles/cmTC_3a813.dir/CMakeCCompilerABI.c.o -o cmTC_3a813 ]
  ignore line: [Android (7019983 based on r365631c3) clang version 9.0.9 (https://android.googlesource.com/toolchain/llvm-project a2a1e703c0edb03ba29944e529ccbf457742737b) (based on LLVM 9.0.9svn)]
  ignore line: [Target: aarch64-none-linux-android28]
  ignore line: [Thread model: posix]
  ignore line: [InstalledDir: /home/ivan/Android/Sdk/ndk/android-ndk-r21e/toolchains/llvm/prebuilt/linux-x86_64/bin]
  ignore line: [Found candidate GCC installation: /home/ivan/Android/Sdk/ndk/android-ndk-r21e/toolchains/llvm/prebuilt/linux-x86_64/lib/gcc/aarch64-linux-android/4.9.x]
  ignore line: [Selected GCC installation: /home/ivan/Android/Sdk/ndk/android-ndk-r21e/toolchains/llvm/prebuilt/linux-x86_64/lib/gcc/aarch64-linux-android/4.9.x]
  ignore line: [Candidate multilib: .]
  ignore line: [@m64]
  ignore line: [Selected multilib: .]
  ignore line: [@m64]
  link line: [ "/home/ivan/Android/Sdk/ndk/android-ndk-r21e/toolchains/llvm/prebuilt/linux-x86_64/lib/gcc/aarch64-linux-android/4.9.x/../../../../aarch64-linux-android/bin/ld" --sysroot=/home/ivan/Android/Sdk/ndk/android-ndk-r21e/toolchains/llvm/prebuilt/linux-x86_64/sysroot -pie -z noexecstack -EL --fix-cortex-a53-843419 --warn-shared-textrel -z now -z relro -z max-page-size=4096 --hash-style=gnu --enable-new-dtags --eh-frame-hdr -m aarch64linux -dynamic-linker /system/bin/linker64 -o cmTC_3a813 /home/ivan/Android/Sdk/ndk/android-ndk-r21e/toolchains/llvm/prebuilt/linux-x86_64/sysroot/usr/lib/aarch64-linux-android/28/crtbegin_dynamic.o -L/home/ivan/Android/Sdk/ndk/android-ndk-r21e/toolchains/llvm/prebuilt/linux-x86_64/lib64/clang/9.0.9/lib/linux/aarch64 -L/home/ivan/Android/Sdk/ndk/android-ndk-r21e/toolchains/llvm/prebuilt/linux-x86_64/lib/gcc/aarch64-linux-android/4.9.x -L/home/ivan/Android/Sdk/ndk/android-ndk-r21e/toolchains/llvm/prebuilt/linux-x86_64/lib/gcc/aarch64-linux-android/4.9.x/../../../../aarch64-linux-android/lib/../lib64 -L/home/ivan/Android/Sdk/ndk/android-ndk-r21e/toolchains/llvm/prebuilt/linux-x86_64/sysroot/usr/lib/aarch64-linux-android/28 -L/home/ivan/Android/Sdk/ndk/android-ndk-r21e/toolchains/llvm/prebuilt/linux-x86_64/sysroot/usr/lib/aarch64-linux-android -L/home/ivan/Android/Sdk/ndk/android-ndk-r21e/toolchains/llvm/prebuilt/linux-x86_64/lib/gcc/aarch64-linux-android/4.9.x/../../../../aarch64-linux-android/lib -L/home/ivan/Android/Sdk/ndk/android-ndk-r21e/toolchains/llvm/prebuilt/linux-x86_64/sysroot/usr/lib --exclude-libs libgcc.a --exclude-libs libgcc_real.a --exclude-libs libatomic.a --build-id --fatal-warnings --no-undefined --gc-sections CMakeFiles/cmTC_3a813.dir/CMakeCCompilerABI.c.o -lgcc -ldl -lc -lgcc -ldl /home/ivan/Android/Sdk/ndk/android-ndk-r21e/toolchains/llvm/prebuilt/linux-x86_64/sysroot/usr/lib/aarch64-linux-android/28/crtend_android.o]
    arg [/home/ivan/Android/Sdk/ndk/android-ndk-r21e/toolchains/llvm/prebuilt/linux-x86_64/lib/gcc/aarch64-linux-android/4.9.x/../../../../aarch64-linux-android/bin/ld] ==> ignore
    arg [--sysroot=/home/ivan/Android/Sdk/ndk/android-ndk-r21e/toolchains/llvm/prebuilt/linux-x86_64/sysroot] ==> ignore
    arg [-pie] ==> ignore
    arg [-znoexecstack] ==> ignore
    arg [-EL] ==> ignore
    arg [--fix-cortex-a53-843419] ==> ignore
    arg [--warn-shared-textrel] ==> ignore
    arg [-znow] ==> ignore
    arg [-zrelro] ==> ignore
    arg [-zmax-page-size=4096] ==> ignore
    arg [--hash-style=gnu] ==> ignore
    arg [--enable-new-dtags] ==> ignore
    arg [--eh-frame-hdr] ==> ignore
    arg [-m] ==> ignore
    arg [aarch64linux] ==> ignore
    arg [-dynamic-linker] ==> ignore
    arg [/system/bin/linker64] ==> ignore
    arg [-o] ==> ignore
    arg [cmTC_3a813] ==> ignore
    arg [/home/ivan/Android/Sdk/ndk/android-ndk-r21e/toolchains/llvm/prebuilt/linux-x86_64/sysroot/usr/lib/aarch64-linux-android/28/crtbegin_dynamic.o] ==> obj [/home/ivan/Android/Sdk/ndk/android-ndk-r21e/toolchains/llvm/prebuilt/linux-x86_64/sysroot/usr/lib/aarch64-linux-android/28/crtbegin_dynamic.o]
    arg [-L/home/ivan/Android/Sdk/ndk/android-ndk-r21e/toolchains/llvm/prebuilt/linux-x86_64/lib64/clang/9.0.9/lib/linux/aarch64] ==> dir [/home/ivan/Android/Sdk/ndk/android-ndk-r21e/toolchains/llvm/prebuilt/linux-x86_64/lib64/clang/9.0.9/lib/linux/aarch64]
    arg [-L/home/ivan/Android/Sdk/ndk/android-ndk-r21e/toolchains/llvm/prebuilt/linux-x86_64/lib/gcc/aarch64-linux-android/4.9.x] ==> dir [/home/ivan/Android/Sdk/ndk/android-ndk-r21e/toolchains/llvm/prebuilt/linux-x86_64/lib/gcc/aarch64-linux-android/4.9.x]
    arg [-L/home/ivan/Android/Sdk/ndk/android-ndk-r21e/toolchains/llvm/prebuilt/linux-x86_64/lib/gcc/aarch64-linux-android/4.9.x/../../../../aarch64-linux-android/lib/../lib64] ==> dir [/home/ivan/Android/Sdk/ndk/android-ndk-r21e/toolchains/llvm/prebuilt/linux-x86_64/lib/gcc/aarch64-linux-android/4.9.x/../../../../aarch64-linux-android/lib/../lib64]
    arg [-L/home/ivan/Android/Sdk/ndk/android-ndk-r21e/toolchains/llvm/prebuilt/linux-x86_64/sysroot/usr/lib/aarch64-linux-android/28] ==> dir [/home/ivan/Android/Sdk/ndk/android-ndk-r21e/toolchains/llvm/prebuilt/linux-x86_64/sysroot/usr/lib/aarch64-linux-android/28]
    arg [-L/home/ivan/Android/Sdk/ndk/android-ndk-r21e/toolchains/llvm/prebuilt/linux-x86_64/sysroot/usr/lib/aarch64-linux-android] ==> dir [/home/ivan/Android/Sdk/ndk/android-ndk-r21e/toolchains/llvm/prebuilt/linux-x86_64/sysroot/usr/lib/aarch64-linux-android]
    arg [-L/home/ivan/Android/Sdk/ndk/android-ndk-r21e/toolchains/llvm/prebuilt/linux-x86_64/lib/gcc/aarch64-linux-android/4.9.x/../../../../aarch64-linux-android/lib] ==> dir [/home/ivan/Android/Sdk/ndk/android-ndk-r21e/toolchains/llvm/prebuilt/linux-x86_64/lib/gcc/aarch64-linux-android/4.9.x/../../../../aarch64-linux-android/lib]
    arg [-L/home/ivan/Android/Sdk/ndk/android-ndk-r21e/toolchains/llvm/prebuilt/linux-x86_64/sysroot/usr/lib] ==> dir [/home/ivan/Android/Sdk/ndk/android-ndk-r21e/toolchains/llvm/prebuilt/linux-x86_64/sysroot/usr/lib]
    arg [--exclude-libs] ==> ignore
    arg [libgcc.a] ==> ignore
    arg [--exclude-libs] ==> ignore
    arg [libgcc_real.a] ==> ignore
    arg [--exclude-libs] ==> ignore
    arg [libatomic.a] ==> ignore
    arg [--build-id] ==> ignore
    arg [--fatal-warnings] ==> ignore
    arg [--no-undefined] ==> ignore
    arg [--gc-sections] ==> ignore
    arg [CMakeFiles/cmTC_3a813.dir/CMakeCCompilerABI.c.o] ==> ignore
    arg [-lgcc] ==> lib [gcc]
    arg [-ldl] ==> lib [dl]
    arg [-lc] ==> lib [c]
    arg [-lgcc] ==> lib [gcc]
    arg [-ldl] ==> lib [dl]
    arg [/home/ivan/Android/Sdk/ndk/android-ndk-r21e/toolchains/llvm/prebuilt/linux-x86_64/sysroot/usr/lib/aarch64-linux-android/28/crtend_android.o] ==> obj [/home/ivan/Android/Sdk/ndk/android-ndk-r21e/toolchains/llvm/prebuilt/linux-x86_64/sysroot/usr/lib/aarch64-linux-android/28/crtend_android.o]
  collapse library dir [/home/ivan/Android/Sdk/ndk/android-ndk-r21e/toolchains/llvm/prebuilt/linux-x86_64/lib64/clang/9.0.9/lib/linux/aarch64] ==> [/home/ivan/Android/Sdk/ndk/android-ndk-r21e/toolchains/llvm/prebuilt/linux-x86_64/lib64/clang/9.0.9/lib/linux/aarch64]
  collapse library dir [/home/ivan/Android/Sdk/ndk/android-ndk-r21e/toolchains/llvm/prebuilt/linux-x86_64/lib/gcc/aarch64-linux-android/4.9.x] ==> [/home/ivan/Android/Sdk/ndk/android-ndk-r21e/toolchains/llvm/prebuilt/linux-x86_64/lib/gcc/aarch64-linux-android/4.9.x]
  collapse library dir [/home/ivan/Android/Sdk/ndk/android-ndk-r21e/toolchains/llvm/prebuilt/linux-x86_64/lib/gcc/aarch64-linux-android/4.9.x/../../../../aarch64-linux-android/lib/../lib64] ==> [/home/ivan/Android/Sdk/ndk/android-ndk-r21e/toolchains/llvm/prebuilt/linux-x86_64/aarch64-linux-android/lib64]
  collapse library dir [/home/ivan/Android/Sdk/ndk/android-ndk-r21e/toolchains/llvm/prebuilt/linux-x86_64/sysroot/usr/lib/aarch64-linux-android/28] ==> [/home/ivan/Android/Sdk/ndk/android-ndk-r21e/toolchains/llvm/prebuilt/linux-x86_64/sysroot/usr/lib/aarch64-linux-android/28]
  collapse library dir [/home/ivan/Android/Sdk/ndk/android-ndk-r21e/toolchains/llvm/prebuilt/linux-x86_64/sysroot/usr/lib/aarch64-linux-android] ==> [/home/ivan/Android/Sdk/ndk/android-ndk-r21e/toolchains/llvm/prebuilt/linux-x86_64/sysroot/usr/lib/aarch64-linux-android]
  collapse library dir [/home/ivan/Android/Sdk/ndk/android-ndk-r21e/toolchains/llvm/prebuilt/linux-x86_64/lib/gcc/aarch64-linux-android/4.9.x/../../../../aarch64-linux-android/lib] ==> [/home/ivan/Android/Sdk/ndk/android-ndk-r21e/toolchains/llvm/prebuilt/linux-x86_64/aarch64-linux-android/lib]
  collapse library dir [/home/ivan/Android/Sdk/ndk/android-ndk-r21e/toolchains/llvm/prebuilt/linux-x86_64/sysroot/usr/lib] ==> [/home/ivan/Android/Sdk/ndk/android-ndk-r21e/toolchains/llvm/prebuilt/linux-x86_64/sysroot/usr/lib]
  implicit libs: [gcc;dl;c;gcc;dl]
  implicit objs: [/home/ivan/Android/Sdk/ndk/android-ndk-r21e/toolchains/llvm/prebuilt/linux-x86_64/sysroot/usr/lib/aarch64-linux-android/28/crtbegin_dynamic.o;/home/ivan/Android/Sdk/ndk/android-ndk-r21e/toolchains/llvm/prebuilt/linux-x86_64/sysroot/usr/lib/aarch64-linux-android/28/crtend_android.o]
  implicit dirs: [/home/ivan/Android/Sdk/ndk/android-ndk-r21e/toolchains/llvm/prebuilt/linux-x86_64/lib64/clang/9.0.9/lib/linux/aarch64;/home/ivan/Android/Sdk/ndk/android-ndk-r21e/toolchains/llvm/prebuilt/linux-x86_64/lib/gcc/aarch64-linux-android/4.9.x;/home/ivan/Android/Sdk/ndk/android-ndk-r21e/toolchains/llvm/prebuilt/linux-x86_64/aarch64-linux-android/lib64;/home/ivan/Android/Sdk/ndk/android-ndk-r21e/toolchains/llvm/prebuilt/linux-x86_64/sysroot/usr/lib/aarch64-linux-android/28;/home/ivan/Android/Sdk/ndk/android-ndk-r21e/toolchains/llvm/prebuilt/linux-x86_64/sysroot/usr/lib/aarch64-linux-android;/home/ivan/Android/Sdk/ndk/android-ndk-r21e/toolchains/llvm/prebuilt/linux-x86_64/aarch64-linux-android/lib;/home/ivan/Android/Sdk/ndk/android-ndk-r21e/toolchains/llvm/prebuilt/linux-x86_64/sysroot/usr/lib]
  implicit fwks: []


Detecting CXX compiler ABI info compiled with the following output:
Change Dir: /workspace/obs/kiko/build_android/CMakeFiles/CMakeTmp

Run Build Command(s):/bin/gmake -f Makefile cmTC_71a37/fast && gmake[1]: Entering directory '/workspace/obs/kiko/build_android/CMakeFiles/CMakeTmp'
/bin/gmake  -f CMakeFiles/cmTC_71a37.dir/build.make CMakeFiles/cmTC_71a37.dir/build
gmake[2]: Entering directory '/workspace/obs/kiko/build_android/CMakeFiles/CMakeTmp'
Building CXX object CMakeFiles/cmTC_71a37.dir/CMakeCXXCompilerABI.cpp.o
/home/ivan/Android/Sdk/ndk/android-ndk-r21e/toolchains/llvm/prebuilt/linux-x86_64/bin/clang++ --target=aarch64-none-linux-android28 --gcc-toolchain=/home/ivan/Android/Sdk/ndk/android-ndk-r21e/toolchains/llvm/prebuilt/linux-x86_64 --sysroot=/home/ivan/Android/Sdk/ndk/android-ndk-r21e/toolchains/llvm/prebuilt/linux-x86_64/sysroot   -g -DANDROID -fdata-sections -ffunction-sections -funwind-tables -fstack-protector-strong -no-canonical-prefixes -D_FORTIFY_SOURCE=2 -Wformat    -fPIE   -v -MD -MT CMakeFiles/cmTC_71a37.dir/CMakeCXXCompilerABI.cpp.o -MF CMakeFiles/cmTC_71a37.dir/CMakeCXXCompilerABI.cpp.o.d -o CMakeFiles/cmTC_71a37.dir/CMakeCXXCompilerABI.cpp.o -c /home/ivan/.config/Android/Sdk/cmake/3.22.1/share/cmake-3.22/Modules/CMakeCXXCompilerABI.cpp
Android (7019983 based on r365631c3) clang version 9.0.9 (https://android.googlesource.com/toolchain/llvm-project a2a1e703c0edb03ba29944e529ccbf457742737b) (based on LLVM 9.0.9svn)
Target: aarch64-none-linux-android28
Thread model: posix
InstalledDir: /home/ivan/Android/Sdk/ndk/android-ndk-r21e/toolchains/llvm/prebuilt/linux-x86_64/bin
Found candidate GCC installation: /home/ivan/Android/Sdk/ndk/android-ndk-r21e/toolchains/llvm/prebuilt/linux-x86_64/lib/gcc/aarch64-linux-android/4.9.x
Selected GCC installation: /home/ivan/Android/Sdk/ndk/android-ndk-r21e/toolchains/llvm/prebuilt/linux-x86_64/lib/gcc/aarch64-linux-android/4.9.x
Candidate multilib: .;@m64
Selected multilib: .;@m64
 "/home/ivan/Android/Sdk/ndk/android-ndk-r21e/toolchains/llvm/prebuilt/linux-x86_64/bin/clang++" -cc1 -triple aarch64-none-linux-android28 -emit-obj -mrelax-all -mnoexecstack -disable-free -disable-llvm-verifier -discard-value-names -main-file-name CMakeCXXCompilerABI.cpp -mrelocation-model pic -pic-level 2 -pic-is-pie -mthread-model posix -mdisable-fp-elim -masm-verbose -mconstructor-aliases -munwind-tables -fuse-init-array -target-cpu generic -target-feature +neon -target-abi aapcs -mllvm -aarch64-fix-cortex-a53-835769=1 -fallow-half-arguments-and-returns -dwarf-column-info -debug-info-kind=limited -dwarf-version=4 -debugger-tuning=gdb -v -ffunction-sections -fdata-sections -coverage-notes-file /workspace/obs/kiko/build_android/CMakeFiles/CMakeTmp/CMakeFiles/cmTC_71a37.dir/CMakeCXXCompilerABI.cpp.gcno -resource-dir /home/ivan/Android/Sdk/ndk/android-ndk-r21e/toolchains/llvm/prebuilt/linux-x86_64/lib64/clang/9.0.9 -dependency-file CMakeFiles/cmTC_71a37.dir/CMakeCXXCompilerABI.cpp.o.d -sys-header-deps -MT CMakeFiles/cmTC_71a37.dir/CMakeCXXCompilerABI.cpp.o -D ANDROID -D _FORTIFY_SOURCE=2 -isysroot /home/ivan/Android/Sdk/ndk/android-ndk-r21e/toolchains/llvm/prebuilt/linux-x86_64/sysroot -internal-isystem /home/ivan/Android/Sdk/ndk/android-ndk-r21e/toolchains/llvm/prebuilt/linux-x86_64/sysroot/usr/include/c++/v1 -internal-isystem /home/ivan/Android/Sdk/ndk/android-ndk-r21e/toolchains/llvm/prebuilt/linux-x86_64/sysroot/usr/local/include -internal-isystem /home/ivan/Android/Sdk/ndk/android-ndk-r21e/toolchains/llvm/prebuilt/linux-x86_64/lib64/clang/9.0.9/include -internal-externc-isystem /home/ivan/Android/Sdk/ndk/android-ndk-r21e/toolchains/llvm/prebuilt/linux-x86_64/sysroot/usr/include/aarch64-linux-android -internal-externc-isystem /home/ivan/Android/Sdk/ndk/android-ndk-r21e/toolchains/llvm/prebuilt/linux-x86_64/sysroot/include -internal-externc-isystem /home/ivan/Android/Sdk/ndk/android-ndk-r21e/toolchains/llvm/prebuilt/linux-x86_64/sysroot/usr/include -Wformat -fdeprecated-macro -fdebug-compilation-dir /workspace/obs/kiko/build_android/CMakeFiles/CMakeTmp -ferror-limit 19 -fmessage-length 0 -stack-protector 2 -fno-signed-char -fobjc-runtime=gcc -fcxx-exceptions -fexceptions -fdiagnostics-show-option -o CMakeFiles/cmTC_71a37.dir/CMakeCXXCompilerABI.cpp.o -x c++ /home/ivan/.config/Android/Sdk/cmake/3.22.1/share/cmake-3.22/Modules/CMakeCXXCompilerABI.cpp
clang -cc1 version 9.0.9 based upon LLVM 9.0.9svn default target x86_64-unknown-linux-gnu
ignoring nonexistent directory "/home/ivan/Android/Sdk/ndk/android-ndk-r21e/toolchains/llvm/prebuilt/linux-x86_64/sysroot/include"
#include "..." search starts here:
#include <...> search starts here:
 /home/ivan/Android/Sdk/ndk/android-ndk-r21e/toolchains/llvm/prebuilt/linux-x86_64/sysroot/usr/include/c++/v1
 /home/ivan/Android/Sdk/ndk/android-ndk-r21e/toolchains/llvm/prebuilt/linux-x86_64/sysroot/usr/local/include
 /home/ivan/Android/Sdk/ndk/android-ndk-r21e/toolchains/llvm/prebuilt/linux-x86_64/lib64/clang/9.0.9/include
 /home/ivan/Android/Sdk/ndk/android-ndk-r21e/toolchains/llvm/prebuilt/linux-x86_64/sysroot/usr/include/aarch64-linux-android
 /home/ivan/Android/Sdk/ndk/android-ndk-r21e/toolchains/llvm/prebuilt/linux-x86_64/sysroot/usr/include
End of search list.
Linking CXX executable cmTC_71a37
/home/ivan/.config/Android/Sdk/cmake/3.22.1/bin/cmake -E cmake_link_script CMakeFiles/cmTC_71a37.dir/link.txt --verbose=1
/home/ivan/Android/Sdk/ndk/android-ndk-r21e/toolchains/llvm/prebuilt/linux-x86_64/bin/clang++ --target=aarch64-none-linux-android28 --gcc-toolchain=/home/ivan/Android/Sdk/ndk/android-ndk-r21e/toolchains/llvm/prebuilt/linux-x86_64 --sysroot=/home/ivan/Android/Sdk/ndk/android-ndk-r21e/toolchains/llvm/prebuilt/linux-x86_64/sysroot -g -DANDROID -fdata-sections -ffunction-sections -funwind-tables -fstack-protector-strong -no-canonical-prefixes -D_FORTIFY_SOURCE=2 -Wformat    -Wl,--exclude-libs,libgcc.a -Wl,--exclude-libs,libgcc_real.a -Wl,--exclude-libs,libatomic.a -static-libstdc++ -Wl,--build-id -Wl,--fatal-warnings -Wl,--no-undefined -Qunused-arguments -Wl,--gc-sections  -v CMakeFiles/cmTC_71a37.dir/CMakeCXXCompilerABI.cpp.o -o cmTC_71a37 
Android (7019983 based on r365631c3) clang version 9.0.9 (https://android.googlesource.com/toolchain/llvm-project a2a1e703c0edb03ba29944e529ccbf457742737b) (based on LLVM 9.0.9svn)
Target: aarch64-none-linux-android28
Thread model: posix
InstalledDir: /home/ivan/Android/Sdk/ndk/android-ndk-r21e/toolchains/llvm/prebuilt/linux-x86_64/bin
Found candidate GCC installation: /home/ivan/Android/Sdk/ndk/android-ndk-r21e/toolchains/llvm/prebuilt/linux-x86_64/lib/gcc/aarch64-linux-android/4.9.x
Selected GCC installation: /home/ivan/Android/Sdk/ndk/android-ndk-r21e/toolchains/llvm/prebuilt/linux-x86_64/lib/gcc/aarch64-linux-android/4.9.x
Candidate multilib: .;@m64
Selected multilib: .;@m64
 "/home/ivan/Android/Sdk/ndk/android-ndk-r21e/toolchains/llvm/prebuilt/linux-x86_64/lib/gcc/aarch64-linux-android/4.9.x/../../../../aarch64-linux-android/bin/ld" --sysroot=/home/ivan/Android/Sdk/ndk/android-ndk-r21e/toolchains/llvm/prebuilt/linux-x86_64/sysroot -pie -z noexecstack -EL --fix-cortex-a53-843419 --warn-shared-textrel -z now -z relro -z max-page-size=4096 --hash-style=gnu --enable-new-dtags --eh-frame-hdr -m aarch64linux -dynamic-linker /system/bin/linker64 -o cmTC_71a37 /home/ivan/Android/Sdk/ndk/android-ndk-r21e/toolchains/llvm/prebuilt/linux-x86_64/sysroot/usr/lib/aarch64-linux-android/28/crtbegin_dynamic.o -L/home/ivan/Android/Sdk/ndk/android-ndk-r21e/toolchains/llvm/prebuilt/linux-x86_64/lib64/clang/9.0.9/lib/linux/aarch64 -L/home/ivan/Android/Sdk/ndk/android-ndk-r21e/toolchains/llvm/prebuilt/linux-x86_64/lib/gcc/aarch64-linux-android/4.9.x -L/home/ivan/Android/Sdk/ndk/android-ndk-r21e/toolchains/llvm/prebuilt/linux-x86_64/lib/gcc/aarch64-linux-android/4.9.x/../../../../aarch64-linux-android/lib/../lib64 -L/home/ivan/Android/Sdk/ndk/android-ndk-r21e/toolchains/llvm/prebuilt/linux-x86_64/sysroot/usr/lib/aarch64-linux-android/28 -L/home/ivan/Android/Sdk/ndk/android-ndk-r21e/toolchains/llvm/prebuilt/linux-x86_64/sysroot/usr/lib/aarch64-linux-android -L/home/ivan/Android/Sdk/ndk/android-ndk-r21e/toolchains/llvm/prebuilt/linux-x86_64/lib/gcc/aarch64-linux-android/4.9.x/../../../../aarch64-linux-android/lib -L/home/ivan/Android/Sdk/ndk/android-ndk-r21e/toolchains/llvm/prebuilt/linux-x86_64/sysroot/usr/lib --exclude-libs libgcc.a --exclude-libs libgcc_real.a --exclude-libs libatomic.a --build-id --fatal-warnings --no-undefined --gc-sections CMakeFiles/cmTC_71a37.dir/CMakeCXXCompilerABI.cpp.o -Bstatic -lc++ -Bdynamic -lm -lgcc -ldl -lc -lgcc -ldl /home/ivan/Android/Sdk/ndk/android-ndk-r21e/toolchains/llvm/prebuilt/linux-x86_64/sysroot/usr/lib/aarch64-linux-android/28/crtend_android.o
gmake[2]: Leaving directory '/workspace/obs/kiko/build_android/CMakeFiles/CMakeTmp'
gmake[1]: Leaving directory '/workspace/obs/kiko/build_android/CMakeFiles/CMakeTmp'



Parsed CXX implicit include dir info from above output: rv=done
  found start of include info
  found start of implicit include info
    add: [/home/ivan/Android/Sdk/ndk/android-ndk-r21e/toolchains/llvm/prebuilt/linux-x86_64/sysroot/usr/include/c++/v1]
    add: [/home/ivan/Android/Sdk/ndk/android-ndk-r21e/toolchains/llvm/prebuilt/linux-x86_64/sysroot/usr/local/include]
    add: [/home/ivan/Android/Sdk/ndk/android-ndk-r21e/toolchains/llvm/prebuilt/linux-x86_64/lib64/clang/9.0.9/include]
    add: [/home/ivan/Android/Sdk/ndk/android-ndk-r21e/toolchains/llvm/prebuilt/linux-x86_64/sysroot/usr/include/aarch64-linux-android]
    add: [/home/ivan/Android/Sdk/ndk/android-ndk-r21e/toolchains/llvm/prebuilt/linux-x86_64/sysroot/usr/include]
  end of search list found
  collapse include dir [/home/ivan/Android/Sdk/ndk/android-ndk-r21e/toolchains/llvm/prebuilt/linux-x86_64/sysroot/usr/include/c++/v1] ==> [/home/ivan/Android/Sdk/ndk/android-ndk-r21e/toolchains/llvm/prebuilt/linux-x86_64/sysroot/usr/include/c++/v1]
  collapse include dir [/home/ivan/Android/Sdk/ndk/android-ndk-r21e/toolchains/llvm/prebuilt/linux-x86_64/sysroot/usr/local/include] ==> [/home/ivan/Android/Sdk/ndk/android-ndk-r21e/toolchains/llvm/prebuilt/linux-x86_64/sysroot/usr/local/include]
  collapse include dir [/home/ivan/Android/Sdk/ndk/android-ndk-r21e/toolchains/llvm/prebuilt/linux-x86_64/lib64/clang/9.0.9/include] ==> [/home/ivan/Android/Sdk/ndk/android-ndk-r21e/toolchains/llvm/prebuilt/linux-x86_64/lib64/clang/9.0.9/include]
  collapse include dir [/home/ivan/Android/Sdk/ndk/android-ndk-r21e/toolchains/llvm/prebuilt/linux-x86_64/sysroot/usr/include/aarch64-linux-android] ==> [/home/ivan/Android/Sdk/ndk/android-ndk-r21e/toolchains/llvm/prebuilt/linux-x86_64/sysroot/usr/include/aarch64-linux-android]
  collapse include dir [/home/ivan/Android/Sdk/ndk/android-ndk-r21e/toolchains/llvm/prebuilt/linux-x86_64/sysroot/usr/include] ==> [/home/ivan/Android/Sdk/ndk/android-ndk-r21e/toolchains/llvm/prebuilt/linux-x86_64/sysroot/usr/include]
  implicit include dirs: [/home/ivan/Android/Sdk/ndk/android-ndk-r21e/toolchains/llvm/prebuilt/linux-x86_64/sysroot/usr/include/c++/v1;/home/ivan/Android/Sdk/ndk/android-ndk-r21e/toolchains/llvm/prebuilt/linux-x86_64/sysroot/usr/local/include;/home/ivan/Android/Sdk/ndk/android-ndk-r21e/toolchains/llvm/prebuilt/linux-x86_64/lib64/clang/9.0.9/include;/home/ivan/Android/Sdk/ndk/android-ndk-r21e/toolchains/llvm/prebuilt/linux-x86_64/sysroot/usr/include/aarch64-linux-android;/home/ivan/Android/Sdk/ndk/android-ndk-r21e/toolchains/llvm/prebuilt/linux-x86_64/sysroot/usr/include]


Parsed CXX implicit link information from above output:
  link line regex: [^( *|.*[/\])(ld\.lld|CMAKE_LINK_STARTFILE-NOTFOUND|([^/\]+-)?ld|collect2)[^/\]*( |$)]
  ignore line: [Change Dir: /workspace/obs/kiko/build_android/CMakeFiles/CMakeTmp]
  ignore line: []
  ignore line: [Run Build Command(s):/bin/gmake -f Makefile cmTC_71a37/fast && gmake[1]: Entering directory '/workspace/obs/kiko/build_android/CMakeFiles/CMakeTmp']
  ignore line: [/bin/gmake  -f CMakeFiles/cmTC_71a37.dir/build.make CMakeFiles/cmTC_71a37.dir/build]
  ignore line: [gmake[2]: Entering directory '/workspace/obs/kiko/build_android/CMakeFiles/CMakeTmp']
  ignore line: [Building CXX object CMakeFiles/cmTC_71a37.dir/CMakeCXXCompilerABI.cpp.o]
  ignore line: [/home/ivan/Android/Sdk/ndk/android-ndk-r21e/toolchains/llvm/prebuilt/linux-x86_64/bin/clang++ --target=aarch64-none-linux-android28 --gcc-toolchain=/home/ivan/Android/Sdk/ndk/android-ndk-r21e/toolchains/llvm/prebuilt/linux-x86_64 --sysroot=/home/ivan/Android/Sdk/ndk/android-ndk-r21e/toolchains/llvm/prebuilt/linux-x86_64/sysroot   -g -DANDROID -fdata-sections -ffunction-sections -funwind-tables -fstack-protector-strong -no-canonical-prefixes -D_FORTIFY_SOURCE=2 -Wformat    -fPIE   -v -MD -MT CMakeFiles/cmTC_71a37.dir/CMakeCXXCompilerABI.cpp.o -MF CMakeFiles/cmTC_71a37.dir/CMakeCXXCompilerABI.cpp.o.d -o CMakeFiles/cmTC_71a37.dir/CMakeCXXCompilerABI.cpp.o -c /home/ivan/.config/Android/Sdk/cmake/3.22.1/share/cmake-3.22/Modules/CMakeCXXCompilerABI.cpp]
  ignore line: [Android (7019983 based on r365631c3) clang version 9.0.9 (https://android.googlesource.com/toolchain/llvm-project a2a1e703c0edb03ba29944e529ccbf457742737b) (based on LLVM 9.0.9svn)]
  ignore line: [Target: aarch64-none-linux-android28]
  ignore line: [Thread model: posix]
  ignore line: [InstalledDir: /home/ivan/Android/Sdk/ndk/android-ndk-r21e/toolchains/llvm/prebuilt/linux-x86_64/bin]
  ignore line: [Found candidate GCC installation: /home/ivan/Android/Sdk/ndk/android-ndk-r21e/toolchains/llvm/prebuilt/linux-x86_64/lib/gcc/aarch64-linux-android/4.9.x]
  ignore line: [Selected GCC installation: /home/ivan/Android/Sdk/ndk/android-ndk-r21e/toolchains/llvm/prebuilt/linux-x86_64/lib/gcc/aarch64-linux-android/4.9.x]
  ignore line: [Candidate multilib: .]
  ignore line: [@m64]
  ignore line: [Selected multilib: .]
  ignore line: [@m64]
  ignore line: [ "/home/ivan/Android/Sdk/ndk/android-ndk-r21e/toolchains/llvm/prebuilt/linux-x86_64/bin/clang++" -cc1 -triple aarch64-none-linux-android28 -emit-obj -mrelax-all -mnoexecstack -disable-free -disable-llvm-verifier -discard-value-names -main-file-name CMakeCXXCompilerABI.cpp -mrelocation-model pic -pic-level 2 -pic-is-pie -mthread-model posix -mdisable-fp-elim -masm-verbose -mconstructor-aliases -munwind-tables -fuse-init-array -target-cpu generic -target-feature +neon -target-abi aapcs -mllvm -aarch64-fix-cortex-a53-835769=1 -fallow-half-arguments-and-returns -dwarf-column-info -debug-info-kind=limited -dwarf-version=4 -debugger-tuning=gdb -v -ffunction-sections -fdata-sections -coverage-notes-file /workspace/obs/kiko/build_android/CMakeFiles/CMakeTmp/CMakeFiles/cmTC_71a37.dir/CMakeCXXCompilerABI.cpp.gcno -resource-dir /home/ivan/Android/Sdk/ndk/android-ndk-r21e/toolchains/llvm/prebuilt/linux-x86_64/lib64/clang/9.0.9 -dependency-file CMakeFiles/cmTC_71a37.dir/CMakeCXXCompilerABI.cpp.o.d -sys-header-deps -MT CMakeFiles/cmTC_71a37.dir/CMakeCXXCompilerABI.cpp.o -D ANDROID -D _FORTIFY_SOURCE=2 -isysroot /home/ivan/Android/Sdk/ndk/android-ndk-r21e/toolchains/llvm/prebuilt/linux-x86_64/sysroot -internal-isystem /home/ivan/Android/Sdk/ndk/android-ndk-r21e/toolchains/llvm/prebuilt/linux-x86_64/sysroot/usr/include/c++/v1 -internal-isystem /home/ivan/Android/Sdk/ndk/android-ndk-r21e/toolchains/llvm/prebuilt/linux-x86_64/sysroot/usr/local/include -internal-isystem /home/ivan/Android/Sdk/ndk/android-ndk-r21e/toolchains/llvm/prebuilt/linux-x86_64/lib64/clang/9.0.9/include -internal-externc-isystem /home/ivan/Android/Sdk/ndk/android-ndk-r21e/toolchains/llvm/prebuilt/linux-x86_64/sysroot/usr/include/aarch64-linux-android -internal-externc-isystem /home/ivan/Android/Sdk/ndk/android-ndk-r21e/toolchains/llvm/prebuilt/linux-x86_64/sysroot/include -internal-externc-isystem /home/ivan/Android/Sdk/ndk/android-ndk-r21e/toolchains/llvm/prebuilt/linux-x86_64/sysroot/usr/include -Wformat -fdeprecated-macro -fdebug-compilation-dir /workspace/obs/kiko/build_android/CMakeFiles/CMakeTmp -ferror-limit 19 -fmessage-length 0 -stack-protector 2 -fno-signed-char -fobjc-runtime=gcc -fcxx-exceptions -fexceptions -fdiagnostics-show-option -o CMakeFiles/cmTC_71a37.dir/CMakeCXXCompilerABI.cpp.o -x c++ /home/ivan/.config/Android/Sdk/cmake/3.22.1/share/cmake-3.22/Modules/CMakeCXXCompilerABI.cpp]
  ignore line: [clang -cc1 version 9.0.9 based upon LLVM 9.0.9svn default target x86_64-unknown-linux-gnu]
  ignore line: [ignoring nonexistent directory "/home/ivan/Android/Sdk/ndk/android-ndk-r21e/toolchains/llvm/prebuilt/linux-x86_64/sysroot/include"]
  ignore line: [#include "..." search starts here:]
  ignore line: [#include <...> search starts here:]
  ignore line: [ /home/ivan/Android/Sdk/ndk/android-ndk-r21e/toolchains/llvm/prebuilt/linux-x86_64/sysroot/usr/include/c++/v1]
  ignore line: [ /home/ivan/Android/Sdk/ndk/android-ndk-r21e/toolchains/llvm/prebuilt/linux-x86_64/sysroot/usr/local/include]
  ignore line: [ /home/ivan/Android/Sdk/ndk/android-ndk-r21e/toolchains/llvm/prebuilt/linux-x86_64/lib64/clang/9.0.9/include]
  ignore line: [ /home/ivan/Android/Sdk/ndk/android-ndk-r21e/toolchains/llvm/prebuilt/linux-x86_64/sysroot/usr/include/aarch64-linux-android]
  ignore line: [ /home/ivan/Android/Sdk/ndk/android-ndk-r21e/toolchains/llvm/prebuilt/linux-x86_64/sysroot/usr/include]
  ignore line: [End of search list.]
  ignore line: [Linking CXX executable cmTC_71a37]
  ignore line: [/home/ivan/.config/Android/Sdk/cmake/3.22.1/bin/cmake -E cmake_link_script CMakeFiles/cmTC_71a37.dir/link.txt --verbose=1]
  ignore line: [/home/ivan/Android/Sdk/ndk/android-ndk-r21e/toolchains/llvm/prebuilt/linux-x86_64/bin/clang++ --target=aarch64-none-linux-android28 --gcc-toolchain=/home/ivan/Android/Sdk/ndk/android-ndk-r21e/toolchains/llvm/prebuilt/linux-x86_64 --sysroot=/home/ivan/Android/Sdk/ndk/android-ndk-r21e/toolchains/llvm/prebuilt/linux-x86_64/sysroot -g -DANDROID -fdata-sections -ffunction-sections -funwind-tables -fstack-protector-strong -no-canonical-prefixes -D_FORTIFY_SOURCE=2 -Wformat    -Wl --exclude-libs libgcc.a -Wl --exclude-libs libgcc_real.a -Wl --exclude-libs libatomic.a -static-libstdc++ -Wl --build-id -Wl --fatal-warnings -Wl --no-undefined -Qunused-arguments -Wl --gc-sections  -v CMakeFiles/cmTC_71a37.dir/CMakeCXXCompilerABI.cpp.o -o cmTC_71a37 ]
  ignore line: [Android (7019983 based on r365631c3) clang version 9.0.9 (https://android.googlesource.com/toolchain/llvm-project a2a1e703c0edb03ba29944e529ccbf457742737b) (based on LLVM 9.0.9svn)]
  ignore line: [Target: aarch64-none-linux-android28]
  ignore line: [Thread model: posix]
  ignore line: [InstalledDir: /home/ivan/Android/Sdk/ndk/android-ndk-r21e/toolchains/llvm/prebuilt/linux-x86_64/bin]
  ignore line: [Found candidate GCC installation: /home/ivan/Android/Sdk/ndk/android-ndk-r21e/toolchains/llvm/prebuilt/linux-x86_64/lib/gcc/aarch64-linux-android/4.9.x]
  ignore line: [Selected GCC installation: /home/ivan/Android/Sdk/ndk/android-ndk-r21e/toolchains/llvm/prebuilt/linux-x86_64/lib/gcc/aarch64-linux-android/4.9.x]
  ignore line: [Candidate multilib: .]
  ignore line: [@m64]
  ignore line: [Selected multilib: .]
  ignore line: [@m64]
  link line: [ "/home/ivan/Android/Sdk/ndk/android-ndk-r21e/toolchains/llvm/prebuilt/linux-x86_64/lib/gcc/aarch64-linux-android/4.9.x/../../../../aarch64-linux-android/bin/ld" --sysroot=/home/ivan/Android/Sdk/ndk/android-ndk-r21e/toolchains/llvm/prebuilt/linux-x86_64/sysroot -pie -z noexecstack -EL --fix-cortex-a53-843419 --warn-shared-textrel -z now -z relro -z max-page-size=4096 --hash-style=gnu --enable-new-dtags --eh-frame-hdr -m aarch64linux -dynamic-linker /system/bin/linker64 -o cmTC_71a37 /home/ivan/Android/Sdk/ndk/android-ndk-r21e/toolchains/llvm/prebuilt/linux-x86_64/sysroot/usr/lib/aarch64-linux-android/28/crtbegin_dynamic.o -L/home/ivan/Android/Sdk/ndk/android-ndk-r21e/toolchains/llvm/prebuilt/linux-x86_64/lib64/clang/9.0.9/lib/linux/aarch64 -L/home/ivan/Android/Sdk/ndk/android-ndk-r21e/toolchains/llvm/prebuilt/linux-x86_64/lib/gcc/aarch64-linux-android/4.9.x -L/home/ivan/Android/Sdk/ndk/android-ndk-r21e/toolchains/llvm/prebuilt/linux-x86_64/lib/gcc/aarch64-linux-android/4.9.x/../../../../aarch64-linux-android/lib/../lib64 -L/home/ivan/Android/Sdk/ndk/android-ndk-r21e/toolchains/llvm/prebuilt/linux-x86_64/sysroot/usr/lib/aarch64-linux-android/28 -L/home/ivan/Android/Sdk/ndk/android-ndk-r21e/toolchains/llvm/prebuilt/linux-x86_64/sysroot/usr/lib/aarch64-linux-android -L/home/ivan/Android/Sdk/ndk/android-ndk-r21e/toolchains/llvm/prebuilt/linux-x86_64/lib/gcc/aarch64-linux-android/4.9.x/../../../../aarch64-linux-android/lib -L/home/ivan/Android/Sdk/ndk/android-ndk-r21e/toolchains/llvm/prebuilt/linux-x86_64/sysroot/usr/lib --exclude-libs libgcc.a --exclude-libs libgcc_real.a --exclude-libs libatomic.a --build-id --fatal-warnings --no-undefined --gc-sections CMakeFiles/cmTC_71a37.dir/CMakeCXXCompilerABI.cpp.o -Bstatic -lc++ -Bdynamic -lm -lgcc -ldl -lc -lgcc -ldl /home/ivan/Android/Sdk/ndk/android-ndk-r21e/toolchains/llvm/prebuilt/linux-x86_64/sysroot/usr/lib/aarch64-linux-android/28/crtend_android.o]
    arg [/home/ivan/Android/Sdk/ndk/android-ndk-r21e/toolchains/llvm/prebuilt/linux-x86_64/lib/gcc/aarch64-linux-android/4.9.x/../../../../aarch64-linux-android/bin/ld] ==> ignore
    arg [--sysroot=/home/ivan/Android/Sdk/ndk/android-ndk-r21e/toolchains/llvm/prebuilt/linux-x86_64/sysroot] ==> ignore
    arg [-pie] ==> ignore
    arg [-znoexecstack] ==> ignore
    arg [-EL] ==> ignore
    arg [--fix-cortex-a53-843419] ==> ignore
    arg [--warn-shared-textrel] ==> ignore
    arg [-znow] ==> ignore
    arg [-zrelro] ==> ignore
    arg [-zmax-page-size=4096] ==> ignore
    arg [--hash-style=gnu] ==> ignore
    arg [--enable-new-dtags] ==> ignore
    arg [--eh-frame-hdr] ==> ignore
    arg [-m] ==> ignore
    arg [aarch64linux] ==> ignore
    arg [-dynamic-linker] ==> ignore
    arg [/system/bin/linker64] ==> ignore
    arg [-o] ==> ignore
    arg [cmTC_71a37] ==> ignore
    arg [/home/ivan/Android/Sdk/ndk/android-ndk-r21e/toolchains/llvm/prebuilt/linux-x86_64/sysroot/usr/lib/aarch64-linux-android/28/crtbegin_dynamic.o] ==> obj [/home/ivan/Android/Sdk/ndk/android-ndk-r21e/toolchains/llvm/prebuilt/linux-x86_64/sysroot/usr/lib/aarch64-linux-android/28/crtbegin_dynamic.o]
    arg [-L/home/ivan/Android/Sdk/ndk/android-ndk-r21e/toolchains/llvm/prebuilt/linux-x86_64/lib64/clang/9.0.9/lib/linux/aarch64] ==> dir [/home/ivan/Android/Sdk/ndk/android-ndk-r21e/toolchains/llvm/prebuilt/linux-x86_64/lib64/clang/9.0.9/lib/linux/aarch64]
    arg [-L/home/ivan/Android/Sdk/ndk/android-ndk-r21e/toolchains/llvm/prebuilt/linux-x86_64/lib/gcc/aarch64-linux-android/4.9.x] ==> dir [/home/ivan/Android/Sdk/ndk/android-ndk-r21e/toolchains/llvm/prebuilt/linux-x86_64/lib/gcc/aarch64-linux-android/4.9.x]
    arg [-L/home/ivan/Android/Sdk/ndk/android-ndk-r21e/toolchains/llvm/prebuilt/linux-x86_64/lib/gcc/aarch64-linux-android/4.9.x/../../../../aarch64-linux-android/lib/../lib64] ==> dir [/home/ivan/Android/Sdk/ndk/android-ndk-r21e/toolchains/llvm/prebuilt/linux-x86_64/lib/gcc/aarch64-linux-android/4.9.x/../../../../aarch64-linux-android/lib/../lib64]
    arg [-L/home/ivan/Android/Sdk/ndk/android-ndk-r21e/toolchains/llvm/prebuilt/linux-x86_64/sysroot/usr/lib/aarch64-linux-android/28] ==> dir [/home/ivan/Android/Sdk/ndk/android-ndk-r21e/toolchains/llvm/prebuilt/linux-x86_64/sysroot/usr/lib/aarch64-linux-android/28]
    arg [-L/home/ivan/Android/Sdk/ndk/android-ndk-r21e/toolchains/llvm/prebuilt/linux-x86_64/sysroot/usr/lib/aarch64-linux-android] ==> dir [/home/ivan/Android/Sdk/ndk/android-ndk-r21e/toolchains/llvm/prebuilt/linux-x86_64/sysroot/usr/lib/aarch64-linux-android]
    arg [-L/home/ivan/Android/Sdk/ndk/android-ndk-r21e/toolchains/llvm/prebuilt/linux-x86_64/lib/gcc/aarch64-linux-android/4.9.x/../../../../aarch64-linux-android/lib] ==> dir [/home/ivan/Android/Sdk/ndk/android-ndk-r21e/toolchains/llvm/prebuilt/linux-x86_64/lib/gcc/aarch64-linux-android/4.9.x/../../../../aarch64-linux-android/lib]
    arg [-L/home/ivan/Android/Sdk/ndk/android-ndk-r21e/toolchains/llvm/prebuilt/linux-x86_64/sysroot/usr/lib] ==> dir [/home/ivan/Android/Sdk/ndk/android-ndk-r21e/toolchains/llvm/prebuilt/linux-x86_64/sysroot/usr/lib]
    arg [--exclude-libs] ==> ignore
    arg [libgcc.a] ==> ignore
    arg [--exclude-libs] ==> ignore
    arg [libgcc_real.a] ==> ignore
    arg [--exclude-libs] ==> ignore
    arg [libatomic.a] ==> ignore
    arg [--build-id] ==> ignore
    arg [--fatal-warnings] ==> ignore
    arg [--no-undefined] ==> ignore
    arg [--gc-sections] ==> ignore
    arg [CMakeFiles/cmTC_71a37.dir/CMakeCXXCompilerABI.cpp.o] ==> ignore
    arg [-Bstatic] ==> search static
    arg [-lc++] ==> lib [c++]
    arg [-Bdynamic] ==> search dynamic
    arg [-lm] ==> lib [m]
    arg [-lgcc] ==> lib [gcc]
    arg [-ldl] ==> lib [dl]
    arg [-lc] ==> lib [c]
    arg [-lgcc] ==> lib [gcc]
    arg [-ldl] ==> lib [dl]
    arg [/home/ivan/Android/Sdk/ndk/android-ndk-r21e/toolchains/llvm/prebuilt/linux-x86_64/sysroot/usr/lib/aarch64-linux-android/28/crtend_android.o] ==> obj [/home/ivan/Android/Sdk/ndk/android-ndk-r21e/toolchains/llvm/prebuilt/linux-x86_64/sysroot/usr/lib/aarch64-linux-android/28/crtend_android.o]
  collapse library dir [/home/ivan/Android/Sdk/ndk/android-ndk-r21e/toolchains/llvm/prebuilt/linux-x86_64/lib64/clang/9.0.9/lib/linux/aarch64] ==> [/home/ivan/Android/Sdk/ndk/android-ndk-r21e/toolchains/llvm/prebuilt/linux-x86_64/lib64/clang/9.0.9/lib/linux/aarch64]
  collapse library dir [/home/ivan/Android/Sdk/ndk/android-ndk-r21e/toolchains/llvm/prebuilt/linux-x86_64/lib/gcc/aarch64-linux-android/4.9.x] ==> [/home/ivan/Android/Sdk/ndk/android-ndk-r21e/toolchains/llvm/prebuilt/linux-x86_64/lib/gcc/aarch64-linux-android/4.9.x]
  collapse library dir [/home/ivan/Android/Sdk/ndk/android-ndk-r21e/toolchains/llvm/prebuilt/linux-x86_64/lib/gcc/aarch64-linux-android/4.9.x/../../../../aarch64-linux-android/lib/../lib64] ==> [/home/ivan/Android/Sdk/ndk/android-ndk-r21e/toolchains/llvm/prebuilt/linux-x86_64/aarch64-linux-android/lib64]
  collapse library dir [/home/ivan/Android/Sdk/ndk/android-ndk-r21e/toolchains/llvm/prebuilt/linux-x86_64/sysroot/usr/lib/aarch64-linux-android/28] ==> [/home/ivan/Android/Sdk/ndk/android-ndk-r21e/toolchains/llvm/prebuilt/linux-x86_64/sysroot/usr/lib/aarch64-linux-android/28]
  collapse library dir [/home/ivan/Android/Sdk/ndk/android-ndk-r21e/toolchains/llvm/prebuilt/linux-x86_64/sysroot/usr/lib/aarch64-linux-android] ==> [/home/ivan/Android/Sdk/ndk/android-ndk-r21e/toolchains/llvm/prebuilt/linux-x86_64/sysroot/usr/lib/aarch64-linux-android]
  collapse library dir [/home/ivan/Android/Sdk/ndk/android-ndk-r21e/toolchains/llvm/prebuilt/linux-x86_64/lib/gcc/aarch64-linux-android/4.9.x/../../../../aarch64-linux-android/lib] ==> [/home/ivan/Android/Sdk/ndk/android-ndk-r21e/toolchains/llvm/prebuilt/linux-x86_64/aarch64-linux-android/lib]
  collapse library dir [/home/ivan/Android/Sdk/ndk/android-ndk-r21e/toolchains/llvm/prebuilt/linux-x86_64/sysroot/usr/lib] ==> [/home/ivan/Android/Sdk/ndk/android-ndk-r21e/toolchains/llvm/prebuilt/linux-x86_64/sysroot/usr/lib]
  implicit libs: [c++;m;gcc;dl;c;gcc;dl]
  implicit objs: [/home/ivan/Android/Sdk/ndk/android-ndk-r21e/toolchains/llvm/prebuilt/linux-x86_64/sysroot/usr/lib/aarch64-linux-android/28/crtbegin_dynamic.o;/home/ivan/Android/Sdk/ndk/android-ndk-r21e/toolchains/llvm/prebuilt/linux-x86_64/sysroot/usr/lib/aarch64-linux-android/28/crtend_android.o]
  implicit dirs: [/home/ivan/Android/Sdk/ndk/android-ndk-r21e/toolchains/llvm/prebuilt/linux-x86_64/lib64/clang/9.0.9/lib/linux/aarch64;/home/ivan/Android/Sdk/ndk/android-ndk-r21e/toolchains/llvm/prebuilt/linux-x86_64/lib/gcc/aarch64-linux-android/4.9.x;/home/ivan/Android/Sdk/ndk/android-ndk-r21e/toolchains/llvm/prebuilt/linux-x86_64/aarch64-linux-android/lib64;/home/ivan/Android/Sdk/ndk/android-ndk-r21e/toolchains/llvm/prebuilt/linux-x86_64/sysroot/usr/lib/aarch64-linux-android/28;/home/ivan/Android/Sdk/ndk/android-ndk-r21e/toolchains/llvm/prebuilt/linux-x86_64/sysroot/usr/lib/aarch64-linux-android;/home/ivan/Android/Sdk/ndk/android-ndk-r21e/toolchains/llvm/prebuilt/linux-x86_64/aarch64-linux-android/lib;/home/ivan/Android/Sdk/ndk/android-ndk-r21e/toolchains/llvm/prebuilt/linux-x86_64/sysroot/usr/lib]
  implicit fwks: []


